<?xml version="1.0" encoding="UTF-8"?>
<!-- Generated by org.testng.reporters.JUnitXMLReporter -->
<testsuite ignored="19" hostname="Siddivinayak" failures="0" tests="1" name="Default test" time="14.633" errors="0" timestamp="2025-01-25T21:04:02 IST">
  <testcase classname="automatedtest.CapstoneProject" name="searchBarFunctionality" time="2.105"/>
  <testcase classname="automatedtest.CapstoneProject" name="verifyForm" time="0.0">
    <ignored/>
  </testcase> <!-- verifyForm -->
  <testcase classname="automatedtest.CapstoneProject" name="verifyNavigationMenu" time="0.0">
    <ignored/>
  </testcase> <!-- verifyNavigationMenu -->
  <testcase classname="automatedtest.CapstoneProject" name="userLogin" time="0.0">
    <ignored/>
  </testcase> <!-- userLogin -->
  <testcase classname="automatedtest.CapstoneProject" name="verifyHealthProgram_1" time="0.0">
    <ignored/>
  </testcase> <!-- verifyHealthProgram_1 -->
  <testcase classname="automatedtest.CapstoneProject" name="verifyHealthProgram_3" time="0.0">
    <ignored/>
  </testcase> <!-- verifyHealthProgram_3 -->
  <testcase classname="automatedtest.CapstoneProject" name="verifyNavigationElement_2" time="0.0">
    <ignored/>
  </testcase> <!-- verifyNavigationElement_2 -->
  <testcase classname="automatedtest.CapstoneProject" name="verifyHealthProgram_4" time="0.0">
    <ignored/>
  </testcase> <!-- verifyHealthProgram_4 -->
  <testcase classname="automatedtest.CapstoneProject" name="contactUsPageFax" time="0.0">
    <ignored/>
  </testcase> <!-- contactUsPageFax -->
  <testcase classname="automatedtest.CapstoneProject" name="verifyNavigationElement_6" time="0.0">
    <ignored/>
  </testcase> <!-- verifyNavigationElement_6 -->
  <testcase classname="automatedtest.CapstoneProject" name="verifyNavigationElement_1" time="0.0">
    <ignored/>
  </testcase> <!-- verifyNavigationElement_1 -->
  <testcase classname="automatedtest.CapstoneProject" name="contactUsPageAddress" time="0.0">
    <ignored/>
  </testcase> <!-- contactUsPageAddress -->
  <testcase classname="automatedtest.CapstoneProject" name="contactUsPageEmailUs" time="0.0">
    <ignored/>
  </testcase> <!-- contactUsPageEmailUs -->
  <testcase classname="automatedtest.CapstoneProject" name="contactUsPageCallUs" time="0.0">
    <ignored/>
  </testcase> <!-- contactUsPageCallUs -->
  <testcase classname="automatedtest.CapstoneProject" name="verifyNavigationElement_3" time="0.0">
    <ignored/>
  </testcase> <!-- verifyNavigationElement_3 -->
  <testcase classname="automatedtest.CapstoneProject" name="verifyHealthProgram_2" time="0.0">
    <ignored/>
  </testcase> <!-- verifyHealthProgram_2 -->
  <testcase classname="automatedtest.CapstoneProject" name="verifyNavigationElement_5" time="0.0">
    <ignored/>
  </testcase> <!-- verifyNavigationElement_5 -->
  <testcase classname="automatedtest.CapstoneProject" name="passwordRecovery" time="0.0">
    <ignored/>
  </testcase> <!-- passwordRecovery -->
  <testcase classname="automatedtest.CapstoneProject" name="verifyNavigationElement_4" time="0.0">
    <ignored/>
  </testcase> <!-- verifyNavigationElement_4 -->
  <testcase classname="automatedtest.CapstoneProject" name="verifyNavigationElement_7" time="0.0">
    <ignored/>
  </testcase> <!-- verifyNavigationElement_7 -->
</testsuite> <!-- Default test -->
