<?xml version="1.0" encoding="UTF-8"?>
<!-- Generated by org.testng.reporters.JUnitXMLReporter -->
<testsuite ignored="0" hostname="Siddivinayak" failures="0" tests="20" name="ChromeTest" time="53.892" errors="0" timestamp="2025-01-26T14:42:37 IST">
  <testcase classname="automatedtest.CapstoneProject" name="verifyNavigationMenu" time="0.046"/>
  <testcase classname="automatedtest.CapstoneProject" name="verifyNavigationElement_1" time="0.032"/>
  <testcase classname="automatedtest.CapstoneProject" name="verifyNavigationElement_2" time="0.024"/>
  <testcase classname="automatedtest.CapstoneProject" name="verifyNavigationElement_3" time="0.04"/>
  <testcase classname="automatedtest.CapstoneProject" name="verifyNavigationElement_4" time="0.024"/>
  <testcase classname="automatedtest.CapstoneProject" name="verifyNavigationElement_5" time="0.022"/>
  <testcase classname="automatedtest.CapstoneProject" name="verifyNavigationElement_6" time="0.025"/>
  <testcase classname="automatedtest.CapstoneProject" name="verifyNavigationElement_7" time="0.022"/>
  <testcase classname="automatedtest.CapstoneProject" name="searchBarFunctionality" time="2.956"/>
  <testcase classname="automatedtest.CapstoneProject" name="verifyHealthProgram_1" time="1.251"/>
  <testcase classname="automatedtest.CapstoneProject" name="verifyHealthProgram_2" time="1.603"/>
  <testcase classname="automatedtest.CapstoneProject" name="verifyHealthProgram_3" time="1.694"/>
  <testcase classname="automatedtest.CapstoneProject" name="verifyHealthProgram_4" time="7.613"/>
  <testcase classname="automatedtest.CapstoneProject" name="contactUsPageAddress" time="1.124"/>
  <testcase classname="automatedtest.CapstoneProject" name="contactUsPageCallUs" time="0.779"/>
  <testcase classname="automatedtest.CapstoneProject" name="contactUsPageFax" time="0.769"/>
  <testcase classname="automatedtest.CapstoneProject" name="contactUsPageEmailUs" time="0.738"/>
  <testcase classname="automatedtest.CapstoneProject" name="verifyForm" time="4.838"/>
  <testcase classname="automatedtest.CapstoneProject" name="userLogin" time="17.081"/>
  <testcase classname="automatedtest.CapstoneProject" name="passwordRecovery" time="7.038"/>
</testsuite> <!-- ChromeTest -->
