<?xml version="1.0" encoding="UTF-8"?>
<!-- Generated by org.testng.reporters.JUnitXMLReporter -->
<testsuite ignored="0" hostname="Siddivinayak" failures="0" tests="20" name="FirefoxTest" time="66.227" errors="0" timestamp="2025-01-26T14:43:43 IST">
  <testcase classname="automatedtest.CapstoneProject" name="verifyNavigationMenu" time="0.042"/>
  <testcase classname="automatedtest.CapstoneProject" name="verifyNavigationElement_1" time="0.021"/>
  <testcase classname="automatedtest.CapstoneProject" name="verifyNavigationElement_2" time="0.018"/>
  <testcase classname="automatedtest.CapstoneProject" name="verifyNavigationElement_3" time="0.017"/>
  <testcase classname="automatedtest.CapstoneProject" name="verifyNavigationElement_4" time="0.015"/>
  <testcase classname="automatedtest.CapstoneProject" name="verifyNavigationElement_5" time="0.014"/>
  <testcase classname="automatedtest.CapstoneProject" name="verifyNavigationElement_6" time="0.013"/>
  <testcase classname="automatedtest.CapstoneProject" name="verifyNavigationElement_7" time="0.014"/>
  <testcase classname="automatedtest.CapstoneProject" name="searchBarFunctionality" time="2.662"/>
  <testcase classname="automatedtest.CapstoneProject" name="verifyHealthProgram_1" time="0.532"/>
  <testcase classname="automatedtest.CapstoneProject" name="verifyHealthProgram_2" time="0.299"/>
  <testcase classname="automatedtest.CapstoneProject" name="verifyHealthProgram_3" time="0.043"/>
  <testcase classname="automatedtest.CapstoneProject" name="verifyHealthProgram_4" time="0.034"/>
  <testcase classname="automatedtest.CapstoneProject" name="contactUsPageAddress" time="1.658"/>
  <testcase classname="automatedtest.CapstoneProject" name="contactUsPageCallUs" time="0.78"/>
  <testcase classname="automatedtest.CapstoneProject" name="contactUsPageFax" time="0.737"/>
  <testcase classname="automatedtest.CapstoneProject" name="contactUsPageEmailUs" time="0.773"/>
  <testcase classname="automatedtest.CapstoneProject" name="verifyForm" time="1.091"/>
  <testcase classname="automatedtest.CapstoneProject" name="userLogin" time="17.271"/>
  <testcase classname="automatedtest.CapstoneProject" name="passwordRecovery" time="8.28"/>
</testsuite> <!-- FirefoxTest -->
