<?xml version="1.0" encoding="UTF-8"?>
<!-- Generated by org.testng.reporters.JUnitXMLReporter -->
<testsuite ignored="0" hostname="Siddivinayak" failures="0" tests="20" name="Test" time="55.91" errors="0" timestamp="2025-01-25T21:56:07 IST">
  <testcase classname="automatedtest.CapstoneProject" name="verifyNavigationMenu" time="0.122"/>
  <testcase classname="automatedtest.CapstoneProject" name="verifyNavigationElement_1" time="0.026"/>
  <testcase classname="automatedtest.CapstoneProject" name="verifyNavigationElement_2" time="0.023"/>
  <testcase classname="automatedtest.CapstoneProject" name="verifyNavigationElement_3" time="0.02"/>
  <testcase classname="automatedtest.CapstoneProject" name="verifyNavigationElement_4" time="0.019"/>
  <testcase classname="automatedtest.CapstoneProject" name="verifyNavigationElement_5" time="0.018"/>
  <testcase classname="automatedtest.CapstoneProject" name="verifyNavigationElement_6" time="0.021"/>
  <testcase classname="automatedtest.CapstoneProject" name="verifyNavigationElement_7" time="0.02"/>
  <testcase classname="automatedtest.CapstoneProject" name="searchBarFunctionality" time="2.135"/>
  <testcase classname="automatedtest.CapstoneProject" name="verifyHealthProgram_1" time="1.756"/>
  <testcase classname="automatedtest.CapstoneProject" name="verifyHealthProgram_2" time="3.148"/>
  <testcase classname="automatedtest.CapstoneProject" name="verifyHealthProgram_3" time="2.487"/>
  <testcase classname="automatedtest.CapstoneProject" name="verifyHealthProgram_4" time="4.474"/>
  <testcase classname="automatedtest.CapstoneProject" name="contactUsPageAddress" time="3.411"/>
  <testcase classname="automatedtest.CapstoneProject" name="contactUsPageCallUs" time="0.95"/>
  <testcase classname="automatedtest.CapstoneProject" name="contactUsPageFax" time="0.939"/>
  <testcase classname="automatedtest.CapstoneProject" name="contactUsPageEmailUs" time="0.92"/>
  <testcase classname="automatedtest.CapstoneProject" name="verifyForm" time="4.465"/>
  <testcase classname="automatedtest.CapstoneProject" name="userLogin" time="16.809"/>
  <testcase classname="automatedtest.CapstoneProject" name="passwordRecovery" time="7.323"/>
</testsuite> <!-- Test -->
