<?xml version="1.0" encoding="UTF-8"?>
<testsuite xmlns:xsi="http://www.w3.org/2001/XMLSchema-instance" xsi:noNamespaceSchemaLocation="https://maven.apache.org/surefire/maven-surefire-plugin/xsd/surefire-test-report.xsd" version="3.0.2" name="TestSuite" time="56.654" tests="20" errors="0" skipped="0" failures="0">
  <properties>
[...]
</properties>
  <testcase name="verifyNavigationMenu" classname="automatedtest.CapstoneProject" time="0.122">
    <system-out><![CDATA[21:55:11.094 [main] DEBUG org.testng.TestNG -- suiteXmlPath: "C:\Users\Siddivinayak_K\eclipse-workspace\CapstoneProject\testng.xml"
]]></system-out>
  </testcase>
  <testcase name="verifyNavigationElement_1" classname="automatedtest.CapstoneProject" time="0.024"/>
  <testcase name="verifyNavigationElement_2" classname="automatedtest.CapstoneProject" time="0.024"/>
  <testcase name="verifyNavigationElement_3" classname="automatedtest.CapstoneProject" time="0.019"/>
  <testcase name="verifyNavigationElement_4" classname="automatedtest.CapstoneProject" time="0.019"/>
  <testcase name="verifyNavigationElement_5" classname="automatedtest.CapstoneProject" time="0.017"/>
  <testcase name="verifyNavigationElement_6" classname="automatedtest.CapstoneProject" time="0.02"/>
  <testcase name="verifyNavigationElement_7" classname="automatedtest.CapstoneProject" time="0.02"/>
  <testcase name="searchBarFunctionality" classname="automatedtest.CapstoneProject" time="2.135"/>
  <testcase name="verifyHealthProgram_1" classname="automatedtest.CapstoneProject" time="1.756"/>
  <testcase name="verifyHealthProgram_2" classname="automatedtest.CapstoneProject" time="3.148"/>
  <testcase name="verifyHealthProgram_3" classname="automatedtest.CapstoneProject" time="2.476"/>
  <testcase name="verifyHealthProgram_4" classname="automatedtest.CapstoneProject" time="4.473"/>
  <testcase name="contactUsPageAddress" classname="automatedtest.CapstoneProject" time="3.411"/>
  <testcase name="contactUsPageCallUs" classname="automatedtest.CapstoneProject" time="0.941"/>
  <testcase name="contactUsPageFax" classname="automatedtest.CapstoneProject" time="0.939"/>
  <testcase name="contactUsPageEmailUs" classname="automatedtest.CapstoneProject" time="0.92"/>
  <testcase name="verifyForm" classname="automatedtest.CapstoneProject" time="4.475"/>
  <testcase name="userLogin" classname="automatedtest.CapstoneProject" time="16.8"/>
  <testcase name="passwordRecovery" classname="automatedtest.CapstoneProject" time="7.322"/>
</testsuite>