<?xml version="1.0" encoding="UTF-8"?>
<testng-results ignored="0" total="7" passed="7" failed="0" skipped="0">
  <reporter-output>
  </reporter-output>
  <suite started-at="2025-01-27T01:28:54 IST" name="Suite" finished-at="2025-01-27T01:30:50 IST" duration-ms="115962">
    <groups>
      <group name="cucumber">
        <method signature="AbstractTestNGCucumberTests.runScenario(io.cucumber.testng.PickleWrapper,io.cucumber.testng.FeatureWrapper)[pri:0, instance:testrunners.TestRunner@6200f9cb]" name="runScenario" class="io.cucumber.testng.AbstractTestNGCucumberTests"/>
      </group> <!-- cucumber -->
    </groups>
    <test started-at="2025-01-27T01:28:54 IST" name="Test" finished-at="2025-01-27T01:30:50 IST" duration-ms="115962">
      <class name="testrunners.TestRunner">
        <test-method is-config="true" signature="setUpClass(org.testng.ITestContext)[pri:0, instance:testrunners.TestRunner@6200f9cb]" started-at="2025-01-27T01:28:54 IST" name="setUpClass" finished-at="2025-01-27T01:28:55 IST" duration-ms="547" status="PASS">
          <params>
            <param index="0">
              <value>
                <![CDATA[org.testng.TestRunner@4be490da]]>
              </value>
            </param>
          </params>
          <reporter-output>
          </reporter-output>
        </test-method> <!-- setUpClass -->
        <test-method signature="runScenario(io.cucumber.testng.PickleWrapper,io.cucumber.testng.FeatureWrapper)[pri:0, instance:testrunners.TestRunner@6200f9cb]" started-at="2025-01-27T01:28:55 IST" name="runScenario" description="Runs Cucumber Scenarios" data-provider="scenarios" finished-at="2025-01-27T01:29:15 IST" duration-ms="20100" status="PASS">
          <params>
            <param index="0">
              <value>
                <![CDATA["Successful Form Submission with Valid Data"]]>
              </value>
            </param>
            <param index="1">
              <value>
                <![CDATA["Contact Form Submission"]]>
              </value>
            </param>
          </params>
          <reporter-output>
          </reporter-output>
        </test-method> <!-- runScenario -->
        <test-method signature="runScenario(io.cucumber.testng.PickleWrapper,io.cucumber.testng.FeatureWrapper)[pri:0, instance:testrunners.TestRunner@6200f9cb]" started-at="2025-01-27T01:29:15 IST" name="runScenario" description="Runs Cucumber Scenarios" data-provider="scenarios" finished-at="2025-01-27T01:29:29 IST" duration-ms="14264" status="PASS">
          <params>
            <param index="0">
              <value>
                <![CDATA["Form Submission with Missing Required Fields"]]>
              </value>
            </param>
            <param index="1">
              <value>
                <![CDATA["Contact Form Submission"]]>
              </value>
            </param>
          </params>
          <reporter-output>
          </reporter-output>
        </test-method> <!-- runScenario -->
        <test-method signature="runScenario(io.cucumber.testng.PickleWrapper,io.cucumber.testng.FeatureWrapper)[pri:0, instance:testrunners.TestRunner@6200f9cb]" started-at="2025-01-27T01:29:29 IST" name="runScenario" description="Runs Cucumber Scenarios" data-provider="scenarios" finished-at="2025-01-27T01:29:40 IST" duration-ms="10555" status="PASS">
          <params>
            <param index="0">
              <value>
                <![CDATA["Navigate to Health Programs"]]>
              </value>
            </param>
            <param index="1">
              <value>
                <![CDATA["Navigation and Access to Health Programs"]]>
              </value>
            </param>
          </params>
          <reporter-output>
          </reporter-output>
        </test-method> <!-- runScenario -->
        <test-method signature="runScenario(io.cucumber.testng.PickleWrapper,io.cucumber.testng.FeatureWrapper)[pri:0, instance:testrunners.TestRunner@6200f9cb]" started-at="2025-01-27T01:29:40 IST" name="runScenario" description="Runs Cucumber Scenarios" data-provider="scenarios" finished-at="2025-01-27T01:30:01 IST" duration-ms="20733" status="PASS">
          <params>
            <param index="0">
              <value>
                <![CDATA["Access Program Details"]]>
              </value>
            </param>
            <param index="1">
              <value>
                <![CDATA["Navigation and Access to Health Programs"]]>
              </value>
            </param>
          </params>
          <reporter-output>
          </reporter-output>
        </test-method> <!-- runScenario -->
        <test-method signature="runScenario(io.cucumber.testng.PickleWrapper,io.cucumber.testng.FeatureWrapper)[pri:0, instance:testrunners.TestRunner@6200f9cb]" started-at="2025-01-27T01:30:01 IST" name="runScenario" description="Runs Cucumber Scenarios" data-provider="scenarios" finished-at="2025-01-27T01:30:13 IST" duration-ms="12007" status="PASS">
          <params>
            <param index="0">
              <value>
                <![CDATA["Login with registered credentials"]]>
              </value>
            </param>
            <param index="1">
              <value>
                <![CDATA["User Login"]]>
              </value>
            </param>
          </params>
          <reporter-output>
          </reporter-output>
        </test-method> <!-- runScenario -->
        <test-method signature="runScenario(io.cucumber.testng.PickleWrapper,io.cucumber.testng.FeatureWrapper)[pri:0, instance:testrunners.TestRunner@6200f9cb]" started-at="2025-01-27T01:30:13 IST" name="runScenario" description="Runs Cucumber Scenarios" data-provider="scenarios" finished-at="2025-01-27T01:30:25 IST" duration-ms="12134" status="PASS">
          <params>
            <param index="0">
              <value>
                <![CDATA["Login with invalid credentials"]]>
              </value>
            </param>
            <param index="1">
              <value>
                <![CDATA["User Login"]]>
              </value>
            </param>
          </params>
          <reporter-output>
          </reporter-output>
        </test-method> <!-- runScenario -->
        <test-method signature="runScenario(io.cucumber.testng.PickleWrapper,io.cucumber.testng.FeatureWrapper)[pri:0, instance:testrunners.TestRunner@6200f9cb]" started-at="2025-01-27T01:30:25 IST" name="runScenario" description="Runs Cucumber Scenarios" data-provider="scenarios" finished-at="2025-01-27T01:30:50 IST" duration-ms="24977" status="PASS">
          <params>
            <param index="0">
              <value>
                <![CDATA["Login with forgotten password"]]>
              </value>
            </param>
            <param index="1">
              <value>
                <![CDATA["User Login"]]>
              </value>
            </param>
          </params>
          <reporter-output>
          </reporter-output>
        </test-method> <!-- runScenario -->
        <test-method is-config="true" signature="tearDownClass()[pri:0, instance:testrunners.TestRunner@6200f9cb]" started-at="2025-01-27T01:30:50 IST" name="tearDownClass" finished-at="2025-01-27T01:30:50 IST" duration-ms="610" status="PASS">
          <reporter-output>
          </reporter-output>
        </test-method> <!-- tearDownClass -->
      </class> <!-- testrunners.TestRunner -->
    </test> <!-- Test -->
  </suite> <!-- Suite -->
</testng-results>
